Jul 22, 2014 9:43:07 PM org.openqa.grid.selenium.GridLauncher main
INFO: Launching a standalone server
21:43:07.457 INFO - Java: Oracle Corporation 25.11-b03
21:43:07.460 INFO - OS: Linux 3.13.0-11-generic amd64
21:43:07.486 INFO - v2.33.0, with Core v2.33.0. Built from revision 4e90c97
21:43:07.843 INFO - RemoteWebDriver instances should connect to: http://127.0.0.1:4444/wd/hub
21:43:07.853 INFO - Version Jetty/5.1.x
21:43:07.860 INFO - Started HttpContext[/selenium-server,/selenium-server]
21:43:07.937 INFO - Started org.openqa.jetty.jetty.servlet.ServletHandler@50cbc42f
21:43:07.938 INFO - Started HttpContext[/wd,/wd]
21:43:07.938 INFO - Started HttpContext[/selenium-server/driver,/selenium-server/driver]
21:43:07.939 INFO - Started HttpContext[/,/]
21:43:07.952 INFO - Started SocketListener on 0.0.0.0:4444
21:43:07.953 INFO - Started org.openqa.jetty.jetty.Server@312b1dae
21:43:28.003 INFO - Executing: [new session: {browserName=firefox, unexpectedAlertBehaviour=accept}] at URL: /session)
21:43:28.037 INFO - Creating a new session for Capabilities [{browserName=firefox, unexpectedAlertBehaviour=accept}]
org.openqa.selenium.firefox.NotConnectedException: Unable to connect to host 127.0.0.1 on port 7055 after 45000 ms. Firefox console output:
 0' failed
Xlib:  extension "RANDR" missing on display ":10".
1406065409195	addons.manager	DEBUG	Application has been upgraded
1406065409205	addons.manager	DEBUG	Loaded provider scope for resource://gre/modules/addons/XPIProvider.jsm: ["XPIProvider"]
1406065409207	addons.manager	DEBUG	Loaded provider scope for resource://gre/modules/LightweightThemeManager.jsm: ["LightweightThemeManager"]
1406065409210	addons.xpi	DEBUG	startup
1406065409212	addons.xpi	DEBUG	Ignoring file entry whose name is not a valid add-on ID: /tmp/anonymous4454500848406141545webdriver-profile/extensions/webdriver-staging
1406065409234	addons.xpi	DEBUG	checkForChanges
1406065409245	addons.xpi	DEBUG	Directory state JSON differs: cache [] state [{"name":"app-system-share","addons":{"ubufox@ubuntu.com":{"descriptor":"/usr/share/mozilla/extensions/{ec8030f7-c20a-464f-9b0e-13a3a9e97384}/ubufox@ubuntu.com","mtime":1406063373000,"rdfTime":1401829706000}}},{"name":"app-global","addons":{"{972ce4c6-7e08-4474-a285-3208198ce6fd}":{"descriptor":"/usr/lib/firefox/browser/extensions/{972ce4c6-7e08-4474-a285-3208198ce6fd}","mtime":1406063369000,"rdfTime":1405462641000}}},{"name":"app-profile","addons":{"fxdriver@googlecode.com":{"descriptor":"/tmp/anonymous4454500848406141545webdriver-profile/extensions/fxdriver@googlecode.com","mtime":1406065408000,"rdfTime":1406065408000}}}]
1406065409251	addons.xpi-utils	DEBUG	Opening XPI database /tmp/anonymous4454500848406141545webdriver-profile/extensions.json
1406065409252	addons.xpi	DEBUG	New add-on fxdriver@googlecode.com installed in app-profile
*** Blocklist::_loadBlocklistFromFile: blocklist is disabled
1406065409280	addons.xpi-utils	DEBUG	Make addon app-profile:fxdriver@googlecode.com visible
1406065409282	DeferredSave.extensions.json	DEBUG	Save changes
1406065409283	DeferredSave.extensions.json	DEBUG	Save changes
1406065409284	addons.xpi	DEBUG	New add-on {972ce4c6-7e08-4474-a285-3208198ce6fd} installed in app-global
1406065409286	addons.xpi-utils	DEBUG	Make addon app-global:{972ce4c6-7e08-4474-a285-3208198ce6fd} visible
1406065409287	DeferredSave.extensions.json	DEBUG	Save changes
1406065409287	DeferredSave.extensions.json	DEBUG	Save changes
1406065409287	addons.xpi	DEBUG	New add-on ubufox@ubuntu.com installed in app-system-share
1406065409291	addons.xpi-utils	DEBUG	Make addon app-system-share:ubufox@ubuntu.com visible
1406065409291	DeferredSave.extensions.json	DEBUG	Save changes
1406065409291	DeferredSave.extensions.json	DEBUG	Save changes
1406065409301	addons.xpi	DEBUG	Updating database with changes to installed add-ons
1406065409301	addons.xpi-utils	DEBUG	Updating add-on states
1406065409302	addons.xpi-utils	DEBUG	Writing add-ons list
1406065409570	DeferredSave.extensions.json	DEBUG	Starting timer
1406065409595	DeferredSave.extensions.json	DEBUG	Starting write
1406065409667	addons.manager	DEBUG	shutdown
1406065409668	addons.xpi	DEBUG	shutdown
1406065409668	addons.xpi-utils	DEBUG	shutdown
1406065409738	DeferredSave.extensions.json	DEBUG	Write succeeded
1406065409738	addons.xpi-utils	DEBUG	XPI Database saved, setting schema version preference to 16
1406065409739	addons.xpi	DEBUG	Notifying XPI shutdown observers
1406065409741	addons.manager	DEBUG	Async provider shutdown done

(process:15893): GLib-CRITICAL **: g_slice_set_config: assertion 'sys_page_size == 0' failed
Xlib:  extension "RANDR" missing on display ":10".
1406065410563	addons.manager	DEBUG	Loaded provider scope for resource://gre/modules/addons/XPIProvider.jsm: ["XPIProvider"]
1406065410564	addons.manager	DEBUG	Loaded provider scope for resource://gre/modules/LightweightThemeManager.jsm: ["LightweightThemeManager"]
1406065410567	addons.xpi	DEBUG	startup
1406065410569	addons.xpi	DEBUG	Ignoring file entry whose name is not a valid add-on ID: /tmp/anonymous4454500848406141545webdriver-profile/extensions/webdriver-staging
1406065410588	addons.xpi	DEBUG	checkForChanges
1406065410598	addons.xpi	DEBUG	No changes found

(firefox:15893): LIBDBUSMENU-GLIB-WARNING **: Unable to get session bus: Failed to execute child process "dbus-launch" (No such file or directory)

	at org.openqa.selenium.firefox.internal.NewProfileExtensionConnection.start(NewProfileExtensionConnection.java:106)
	at org.openqa.selenium.firefox.FirefoxDriver.startClient(FirefoxDriver.java:244)
	at org.openqa.selenium.remote.RemoteWebDriver.<init>(RemoteWebDriver.java:110)
	at org.openqa.selenium.firefox.FirefoxDriver.<init>(FirefoxDriver.java:190)
	at org.openqa.selenium.firefox.FirefoxDriver.<init>(FirefoxDriver.java:183)
	at org.openqa.selenium.firefox.FirefoxDriver.<init>(FirefoxDriver.java:101)
	at sun.reflect.NativeConstructorAccessorImpl.newInstance0(Native Method)
	at sun.reflect.NativeConstructorAccessorImpl.newInstance(NativeConstructorAccessorImpl.java:62)
	at sun.reflect.DelegatingConstructorAccessorImpl.newInstance(DelegatingConstructorAccessorImpl.java:45)
	at java.lang.reflect.Constructor.newInstance(Constructor.java:408)
	at org.openqa.selenium.remote.server.DefaultDriverFactory.callConstructor(DefaultDriverFactory.java:62)
	at org.openqa.selenium.remote.server.DefaultDriverFactory.newInstance(DefaultDriverFactory.java:56)
	at org.openqa.selenium.remote.server.DefaultSession$BrowserCreator.call(DefaultSession.java:215)
	at org.openqa.selenium.remote.server.DefaultSession$BrowserCreator.call(DefaultSession.java:1)
	at java.util.concurrent.FutureTask.run(FutureTask.java:266)
	at org.openqa.selenium.remote.server.DefaultSession$1.run(DefaultSession.java:169)
	at java.util.concurrent.ThreadPoolExecutor.runWorker(ThreadPoolExecutor.java:1142)
	at java.util.concurrent.ThreadPoolExecutor$Worker.run(ThreadPoolExecutor.java:617)
	at java.lang.Thread.run(Thread.java:745)
21:44:15.266 WARN - Exception thrown
java.util.concurrent.ExecutionException: org.openqa.selenium.WebDriverException: java.lang.reflect.InvocationTargetException
Build info: version: '2.33.0', revision: '4e90c97', time: '2013-05-22 15:32:38'
System info: os.name: 'Linux', os.arch: 'amd64', os.version: '3.13.0-11-generic', java.version: '1.8.0_11'
Driver info: driver.version: unknown
	at java.util.concurrent.FutureTask.report(FutureTask.java:122)
	at java.util.concurrent.FutureTask.get(FutureTask.java:192)
	at org.openqa.selenium.remote.server.DefaultSession.execute(DefaultSession.java:176)
	at org.openqa.selenium.remote.server.DefaultSession.<init>(DefaultSession.java:112)
	at org.openqa.selenium.remote.server.DefaultSession.createSession(DefaultSession.java:89)
	at org.openqa.selenium.remote.server.DefaultDriverSessions.newSession(DefaultDriverSessions.java:89)
	at org.openqa.selenium.remote.server.handler.NewSession.handle(NewSession.java:63)
	at org.openqa.selenium.remote.server.rest.ResultConfig.handle(ResultConfig.java:205)
	at org.openqa.selenium.remote.server.JsonHttpRemoteConfig.handleRequest(JsonHttpRemoteConfig.java:192)
	at org.openqa.selenium.remote.server.DriverServlet.handleRequest(DriverServlet.java:201)
	at org.openqa.selenium.remote.server.DriverServlet.doPost(DriverServlet.java:167)
	at javax.servlet.http.HttpServlet.service(HttpServlet.java:727)
	at org.openqa.selenium.remote.server.DriverServlet.service(DriverServlet.java:139)
	at javax.servlet.http.HttpServlet.service(HttpServlet.java:820)
	at org.openqa.jetty.jetty.servlet.ServletHolder.handle(ServletHolder.java:428)
	at org.openqa.jetty.jetty.servlet.ServletHandler.dispatch(ServletHandler.java:677)
	at org.openqa.jetty.jetty.servlet.ServletHandler.handle(ServletHandler.java:568)
	at org.openqa.jetty.http.HttpContext.handle(HttpContext.java:1526)
	at org.openqa.jetty.http.HttpContext.handle(HttpContext.java:1479)
	at org.openqa.jetty.http.HttpServer.service(HttpServer.java:914)
	at org.openqa.jetty.http.HttpConnection.service(HttpConnection.java:820)
	at org.openqa.jetty.http.HttpConnection.handleNext(HttpConnection.java:986)
	at org.openqa.jetty.http.HttpConnection.handle(HttpConnection.java:837)
	at org.openqa.jetty.http.SocketListener.handleConnection(SocketListener.java:243)
	at org.openqa.jetty.util.ThreadedServer.handle(ThreadedServer.java:357)
	at org.openqa.jetty.util.ThreadPool$PoolThread.run(ThreadPool.java:534)
Caused by: org.openqa.selenium.WebDriverException: java.lang.reflect.InvocationTargetException
Build info: version: '2.33.0', revision: '4e90c97', time: '2013-05-22 15:32:38'
System info: os.name: 'Linux', os.arch: 'amd64', os.version: '3.13.0-11-generic', java.version: '1.8.0_11'
Driver info: driver.version: unknown
	at org.openqa.selenium.remote.server.DefaultDriverFactory.callConstructor(DefaultDriverFactory.java:72)
	at org.openqa.selenium.remote.server.DefaultDriverFactory.newInstance(DefaultDriverFactory.java:56)
	at org.openqa.selenium.remote.server.DefaultSession$BrowserCreator.call(DefaultSession.java:215)
	at org.openqa.selenium.remote.server.DefaultSession$BrowserCreator.call(DefaultSession.java:1)
	at java.util.concurrent.FutureTask.run(FutureTask.java:266)
	at org.openqa.selenium.remote.server.DefaultSession$1.run(DefaultSession.java:169)
	at java.util.concurrent.ThreadPoolExecutor.runWorker(ThreadPoolExecutor.java:1142)
	at java.util.concurrent.ThreadPoolExecutor$Worker.run(ThreadPoolExecutor.java:617)
	at java.lang.Thread.run(Thread.java:745)
Caused by: java.lang.reflect.InvocationTargetException
	at sun.reflect.NativeConstructorAccessorImpl.newInstance0(Native Method)
	at sun.reflect.NativeConstructorAccessorImpl.newInstance(NativeConstructorAccessorImpl.java:62)
	at sun.reflect.DelegatingConstructorAccessorImpl.newInstance(DelegatingConstructorAccessorImpl.java:45)
	at java.lang.reflect.Constructor.newInstance(Constructor.java:408)
	at org.openqa.selenium.remote.server.DefaultDriverFactory.callConstructor(DefaultDriverFactory.java:62)
	... 8 more
Caused by: org.openqa.selenium.WebDriverException: Failed to connect to binary FirefoxBinary(/usr/bin/firefox) on port 7055; process output follows: 
 0' failed
Xlib:  extension "RANDR" missing on display ":10".
1406065409195	addons.manager	DEBUG	Application has been upgraded
1406065409205	addons.manager	DEBUG	Loaded provider scope for resource://gre/modules/addons/XPIProvider.jsm: ["XPIProvider"]
1406065409207	addons.manager	DEBUG	Loaded provider scope for resource://gre/modules/LightweightThemeManager.jsm: ["LightweightThemeManager"]
1406065409210	addons.xpi	DEBUG	startup
1406065409212	addons.xpi	DEBUG	Ignoring file entry whose name is not a valid add-on ID: /tmp/anonymous4454500848406141545webdriver-profile/extensions/webdriver-staging
1406065409234	addons.xpi	DEBUG	checkForChanges
1406065409245	addons.xpi	DEBUG	Directory state JSON differs: cache [] state [{"name":"app-system-share","addons":{"ubufox@ubuntu.com":{"descriptor":"/usr/share/mozilla/extensions/{ec8030f7-c20a-464f-9b0e-13a3a9e97384}/ubufox@ubuntu.com","mtime":1406063373000,"rdfTime":1401829706000}}},{"name":"app-global","addons":{"{972ce4c6-7e08-4474-a285-3208198ce6fd}":{"descriptor":"/usr/lib/firefox/browser/extensions/{972ce4c6-7e08-4474-a285-3208198ce6fd}","mtime":1406063369000,"rdfTime":1405462641000}}},{"name":"app-profile","addons":{"fxdriver@googlecode.com":{"descriptor":"/tmp/anonymous4454500848406141545webdriver-profile/extensions/fxdriver@googlecode.com","mtime":1406065408000,"rdfTime":1406065408000}}}]
1406065409251	addons.xpi-utils	DEBUG	Opening XPI database /tmp/anonymous4454500848406141545webdriver-profile/extensions.json
1406065409252	addons.xpi	DEBUG	New add-on fxdriver@googlecode.com installed in app-profile
*** Blocklist::_loadBlocklistFromFile: blocklist is disabled
1406065409280	addons.xpi-utils	DEBUG	Make addon app-profile:fxdriver@googlecode.com visible
1406065409282	DeferredSave.extensions.json	DEBUG	Save changes
1406065409283	DeferredSave.extensions.json	DEBUG	Save changes
1406065409284	addons.xpi	DEBUG	New add-on {972ce4c6-7e08-4474-a285-3208198ce6fd} installed in app-global
1406065409286	addons.xpi-utils	DEBUG	Make addon app-global:{972ce4c6-7e08-4474-a285-3208198ce6fd} visible
1406065409287	DeferredSave.extensions.json	DEBUG	Save changes
1406065409287	DeferredSave.extensions.json	DEBUG	Save changes
1406065409287	addons.xpi	DEBUG	New add-on ubufox@ubuntu.com installed in app-system-share
1406065409291	addons.xpi-utils	DEBUG	Make addon app-system-share:ubufox@ubuntu.com visible
1406065409291	DeferredSave.extensions.json	DEBUG	Save changes
1406065409291	DeferredSave.extensions.json	DEBUG	Save changes
1406065409301	addons.xpi	DEBUG	Updating database with changes to installed add-ons
1406065409301	addons.xpi-utils	DEBUG	Updating add-on states
1406065409302	addons.xpi-utils	DEBUG	Writing add-ons list
1406065409570	DeferredSave.extensions.json	DEBUG	Starting timer
1406065409595	DeferredSave.extensions.json	DEBUG	Starting write
1406065409667	addons.manager	DEBUG	shutdown
1406065409668	addons.xpi	DEBUG	shutdown
1406065409668	addons.xpi-utils	DEBUG	shutdown
1406065409738	DeferredSave.extensions.json	DEBUG	Write succeeded
1406065409738	addons.xpi-utils	DEBUG	XPI Database saved, setting schema version preference to 16
1406065409739	addons.xpi	DEBUG	Notifying XPI shutdown observers
1406065409741	addons.manager	DEBUG	Async provider shutdown done

(process:15893): GLib-CRITICAL **: g_slice_set_config: assertion 'sys_page_size == 0' failed
Xlib:  extension "RANDR" missing on display ":10".
1406065410563	addons.manager	DEBUG	Loaded provider scope for resource://gre/modules/addons/XPIProvider.jsm: ["XPIProvider"]
1406065410564	addons.manager	DEBUG	Loaded provider scope for resource://gre/modules/LightweightThemeManager.jsm: ["LightweightThemeManager"]
1406065410567	addons.xpi	DEBUG	startup
1406065410569	addons.xpi	DEBUG	Ignoring file entry whose name is not a valid add-on ID: /tmp/anonymous4454500848406141545webdriver-profile/extensions/webdriver-staging
1406065410588	addons.xpi	DEBUG	checkForChanges
1406065410598	addons.xpi	DEBUG	No changes found

(firefox:15893): LIBDBUSMENU-GLIB-WARNING **: Unable to get session bus: Failed to execute child process "dbus-launch" (No such file or directory)

Build info: version: '2.33.0', revision: '4e90c97', time: '2013-05-22 15:32:38'
System info: os.name: 'Linux', os.arch: 'amd64', os.version: '3.13.0-11-generic', java.version: '1.8.0_11'
Driver info: driver.version: FirefoxDriver
	at org.openqa.selenium.firefox.internal.NewProfileExtensionConnection.start(NewProfileExtensionConnection.java:118)
	at org.openqa.selenium.firefox.FirefoxDriver.startClient(FirefoxDriver.java:244)
	at org.openqa.selenium.remote.RemoteWebDriver.<init>(RemoteWebDriver.java:110)
	at org.openqa.selenium.firefox.FirefoxDriver.<init>(FirefoxDriver.java:190)
	at org.openqa.selenium.firefox.FirefoxDriver.<init>(FirefoxDriver.java:183)
	at org.openqa.selenium.firefox.FirefoxDriver.<init>(FirefoxDriver.java:101)
	... 13 more
Caused by: org.openqa.selenium.firefox.NotConnectedException: Unable to connect to host 127.0.0.1 on port 7055 after 45000 ms. Firefox console output:
 0' failed
Xlib:  extension "RANDR" missing on display ":10".
1406065409195	addons.manager	DEBUG	Application has been upgraded
1406065409205	addons.manager	DEBUG	Loaded provider scope for resource://gre/modules/addons/XPIProvider.jsm: ["XPIProvider"]
1406065409207	addons.manager	DEBUG	Loaded provider scope for resource://gre/modules/LightweightThemeManager.jsm: ["LightweightThemeManager"]
1406065409210	addons.xpi	DEBUG	startup
1406065409212	addons.xpi	DEBUG	Ignoring file entry whose name is not a valid add-on ID: /tmp/anonymous4454500848406141545webdriver-profile/extensions/webdriver-staging
1406065409234	addons.xpi	DEBUG	checkForChanges
1406065409245	addons.xpi	DEBUG	Directory state JSON differs: cache [] state [{"name":"app-system-share","addons":{"ubufox@ubuntu.com":{"descriptor":"/usr/share/mozilla/extensions/{ec8030f7-c20a-464f-9b0e-13a3a9e97384}/ubufox@ubuntu.com","mtime":1406063373000,"rdfTime":1401829706000}}},{"name":"app-global","addons":{"{972ce4c6-7e08-4474-a285-3208198ce6fd}":{"descriptor":"/usr/lib/firefox/browser/extensions/{972ce4c6-7e08-4474-a285-3208198ce6fd}","mtime":1406063369000,"rdfTime":1405462641000}}},{"name":"app-profile","addons":{"fxdriver@googlecode.com":{"descriptor":"/tmp/anonymous4454500848406141545webdriver-profile/extensions/fxdriver@googlecode.com","mtime":1406065408000,"rdfTime":1406065408000}}}]
1406065409251	addons.xpi-utils	DEBUG	Opening XPI database /tmp/anonymous4454500848406141545webdriver-profile/extensions.json
1406065409252	addons.xpi	DEBUG	New add-on fxdriver@googlecode.com installed in app-profile
*** Blocklist::_loadBlocklistFromFile: blocklist is disabled
1406065409280	addons.xpi-utils	DEBUG	Make addon app-profile:fxdriver@googlecode.com visible
1406065409282	DeferredSave.extensions.json	DEBUG	Save changes
1406065409283	DeferredSave.extensions.json	DEBUG	Save changes
1406065409284	addons.xpi	DEBUG	New add-on {972ce4c6-7e08-4474-a285-3208198ce6fd} installed in app-global
1406065409286	addons.xpi-utils	DEBUG	Make addon app-global:{972ce4c6-7e08-4474-a285-3208198ce6fd} visible
1406065409287	DeferredSave.extensions.json	DEBUG	Save changes
1406065409287	DeferredSave.extensions.json	DEBUG	Save changes
1406065409287	addons.xpi	DEBUG	New add-on ubufox@ubuntu.com installed in app-system-share
1406065409291	addons.xpi-utils	DEBUG	Make addon app-system-share:ubufox@ubuntu.com visible
1406065409291	DeferredSave.extensions.json	DEBUG	Save changes
1406065409291	DeferredSave.extensions.json	DEBUG	Save changes
1406065409301	addons.xpi	DEBUG	Updating database with changes to installed add-ons
1406065409301	addons.xpi-utils	DEBUG	Updating add-on states
1406065409302	addons.xpi-utils	DEBUG	Writing add-ons list
1406065409570	DeferredSave.extensions.json	DEBUG	Starting timer
1406065409595	DeferredSave.extensions.json	DEBUG	Starting write
1406065409667	addons.manager	DEBUG	shutdown
1406065409668	addons.xpi	DEBUG	shutdown
1406065409668	addons.xpi-utils	DEBUG	shutdown
1406065409738	DeferredSave.extensions.json	DEBUG	Write succeeded
1406065409738	addons.xpi-utils	DEBUG	XPI Database saved, setting schema version preference to 16
1406065409739	addons.xpi	DEBUG	Notifying XPI shutdown observers
1406065409741	addons.manager	DEBUG	Async provider shutdown done

(process:15893): GLib-CRITICAL **: g_slice_set_config: assertion 'sys_page_size == 0' failed
Xlib:  extension "RANDR" missing on display ":10".
1406065410563	addons.manager	DEBUG	Loaded provider scope for resource://gre/modules/addons/XPIProvider.jsm: ["XPIProvider"]
1406065410564	addons.manager	DEBUG	Loaded provider scope for resource://gre/modules/LightweightThemeManager.jsm: ["LightweightThemeManager"]
1406065410567	addons.xpi	DEBUG	startup
1406065410569	addons.xpi	DEBUG	Ignoring file entry whose name is not a valid add-on ID: /tmp/anonymous4454500848406141545webdriver-profile/extensions/webdriver-staging
1406065410588	addons.xpi	DEBUG	checkForChanges
1406065410598	addons.xpi	DEBUG	No changes found

(firefox:15893): LIBDBUSMENU-GLIB-WARNING **: Unable to get session bus: Failed to execute child process "dbus-launch" (No such file or directory)

	at org.openqa.selenium.firefox.internal.NewProfileExtensionConnection.start(NewProfileExtensionConnection.java:106)
	... 18 more
21:44:15.284 WARN - Exception: Unable to connect to host 127.0.0.1 on port 7055 after 45000 ms. Firefox console output:
 0' failed
Xlib:  extension "RANDR" missing on display ":10".
1406065409195	addons.manager	DEBUG	Application has been upgraded
1406065409205	addons.manager	DEBUG	Loaded provider scope for resource://gre/modules/addons/XPIProvider.jsm: ["XPIProvider"]
1406065409207	addons.manager	DEBUG	Loaded provider scope for resource://gre/modules/LightweightThemeManager.jsm: ["LightweightThemeManager"]
1406065409210	addons.xpi	DEBUG	startup
1406065409212	addons.xpi	DEBUG	Ignoring file entry whose name is not a valid add-on ID: /tmp/anonymous4454500848406141545webdriver-profile/extensions/webdriver-staging
1406065409234	addons.xpi	DEBUG	checkForChanges
1406065409245	addons.xpi	DEBUG	Directory state JSON differs: cache [] state [{"name":"app-system-share","addons":{"ubufox@ubuntu.com":{"descriptor":"/usr/share/mozilla/extensions/{ec8030f7-c20a-464f-9b0e-13a3a9e97384}/ubufox@ubuntu.com","mtime":1406063373000,"rdfTime":1401829706000}}},{"name":"app-global","addons":{"{972ce4c6-7e08-4474-a285-3208198ce6fd}":{"descriptor":"/usr/lib/firefox/browser/extensions/{972ce4c6-7e08-4474-a285-3208198ce6fd}","mtime":1406063369000,"rdfTime":1405462641000}}},{"name":"app-profile","addons":{"fxdriver@googlecode.com":{"descriptor":"/tmp/anonymous4454500848406141545webdriver-profile/extensions/fxdriver@googlecode.com","mtime":1406065408000,"rdfTime":1406065408000}}}]
1406065409251	addons.xpi-utils	DEBUG	Opening XPI database /tmp/anonymous4454500848406141545webdriver-profile/extensions.json
1406065409252	addons.xpi	DEBUG	New add-on fxdriver@googlecode.com installed in app-profile
*** Blocklist::_loadBlocklistFromFile: blocklist is disabled
1406065409280	addons.xpi-utils	DEBUG	Make addon app-profile:fxdriver@googlecode.com visible
1406065409282	DeferredSave.extensions.json	DEBUG	Save changes
1406065409283	DeferredSave.extensions.json	DEBUG	Save changes
1406065409284	addons.xpi	DEBUG	New add-on {972ce4c6-7e08-4474-a285-3208198ce6fd} installed in app-global
1406065409286	addons.xpi-utils	DEBUG	Make addon app-global:{972ce4c6-7e08-4474-a285-3208198ce6fd} visible
1406065409287	DeferredSave.extensions.json	DEBUG	Save changes
1406065409287	DeferredSave.extensions.json	DEBUG	Save changes
1406065409287	addons.xpi	DEBUG	New add-on ubufox@ubuntu.com installed in app-system-share
1406065409291	addons.xpi-utils	DEBUG	Make addon app-system-share:ubufox@ubuntu.com visible
1406065409291	DeferredSave.extensions.json	DEBUG	Save changes
1406065409291	DeferredSave.extensions.json	DEBUG	Save changes
1406065409301	addons.xpi	DEBUG	Updating database with changes to installed add-ons
1406065409301	addons.xpi-utils	DEBUG	Updating add-on states
1406065409302	addons.xpi-utils	DEBUG	Writing add-ons list
1406065409570	DeferredSave.extensions.json	DEBUG	Starting timer
1406065409595	DeferredSave.extensions.json	DEBUG	Starting write
1406065409667	addons.manager	DEBUG	shutdown
1406065409668	addons.xpi	DEBUG	shutdown
1406065409668	addons.xpi-utils	DEBUG	shutdown
1406065409738	DeferredSave.extensions.json	DEBUG	Write succeeded
1406065409738	addons.xpi-utils	DEBUG	XPI Database saved, setting schema version preference to 16
1406065409739	addons.xpi	DEBUG	Notifying XPI shutdown observers
1406065409741	addons.manager	DEBUG	Async provider shutdown done

(process:15893): GLib-CRITICAL **: g_slice_set_config: assertion 'sys_page_size == 0' failed
Xlib:  extension "RANDR" missing on display ":10".
1406065410563	addons.manager	DEBUG	Loaded provider scope for resource://gre/modules/addons/XPIProvider.jsm: ["XPIProvider"]
1406065410564	addons.manager	DEBUG	Loaded provider scope for resource://gre/modules/LightweightThemeManager.jsm: ["LightweightThemeManager"]
1406065410567	addons.xpi	DEBUG	startup
1406065410569	addons.xpi	DEBUG	Ignoring file entry whose name is not a valid add-on ID: /tmp/anonymous4454500848406141545webdriver-profile/extensions/webdriver-staging
1406065410588	addons.xpi	DEBUG	checkForChanges
1406065410598	addons.xpi	DEBUG	No changes found

(firefox:15893): LIBDBUSMENU-GLIB-WARNING **: Unable to get session bus: Failed to execute child process "dbus-launch" (No such file or directory)

21:50:38.987 INFO - Executing: [new session: {browserName=firefox, unexpectedAlertBehaviour=accept}] at URL: /session)
21:50:38.989 INFO - Creating a new session for Capabilities [{browserName=firefox, unexpectedAlertBehaviour=accept}]
org.openqa.selenium.firefox.NotConnectedException: Unable to connect to host 127.0.0.1 on port 7055 after 45000 ms. Firefox console output:
 0' failed
Xlib:  extension "RANDR" missing on display ":10".
1406065839523	addons.manager	DEBUG	Application has been upgraded
1406065839533	addons.manager	DEBUG	Loaded provider scope for resource://gre/modules/addons/XPIProvider.jsm: ["XPIProvider"]
1406065839535	addons.manager	DEBUG	Loaded provider scope for resource://gre/modules/LightweightThemeManager.jsm: ["LightweightThemeManager"]
1406065839538	addons.xpi	DEBUG	startup
1406065839540	addons.xpi	DEBUG	Ignoring file entry whose name is not a valid add-on ID: /tmp/anonymous1824675219116414841webdriver-profile/extensions/webdriver-staging
1406065839562	addons.xpi	DEBUG	checkForChanges
1406065839574	addons.xpi	DEBUG	Directory state JSON differs: cache [] state [{"name":"app-system-share","addons":{"ubufox@ubuntu.com":{"descriptor":"/usr/share/mozilla/extensions/{ec8030f7-c20a-464f-9b0e-13a3a9e97384}/ubufox@ubuntu.com","mtime":1406063373000,"rdfTime":1401829706000}}},{"name":"app-global","addons":{"{972ce4c6-7e08-4474-a285-3208198ce6fd}":{"descriptor":"/usr/lib/firefox/browser/extensions/{972ce4c6-7e08-4474-a285-3208198ce6fd}","mtime":1406063369000,"rdfTime":1405462641000}}},{"name":"app-profile","addons":{"fxdriver@googlecode.com":{"descriptor":"/tmp/anonymous1824675219116414841webdriver-profile/extensions/fxdriver@googlecode.com","mtime":1406065839000,"rdfTime":1406065839000}}}]
1406065839579	addons.xpi-utils	DEBUG	Opening XPI database /tmp/anonymous1824675219116414841webdriver-profile/extensions.json
1406065839581	addons.xpi	DEBUG	New add-on fxdriver@googlecode.com installed in app-profile
*** Blocklist::_loadBlocklistFromFile: blocklist is disabled
1406065839608	addons.xpi-utils	DEBUG	Make addon app-profile:fxdriver@googlecode.com visible
1406065839610	DeferredSave.extensions.json	DEBUG	Save changes
1406065839611	DeferredSave.extensions.json	DEBUG	Save changes
1406065839611	addons.xpi	DEBUG	New add-on {972ce4c6-7e08-4474-a285-3208198ce6fd} installed in app-global
1406065839614	addons.xpi-utils	DEBUG	Make addon app-global:{972ce4c6-7e08-4474-a285-3208198ce6fd} visible
1406065839614	DeferredSave.extensions.json	DEBUG	Save changes
1406065839614	DeferredSave.extensions.json	DEBUG	Save changes
1406065839615	addons.xpi	DEBUG	New add-on ubufox@ubuntu.com installed in app-system-share
1406065839618	addons.xpi-utils	DEBUG	Make addon app-system-share:ubufox@ubuntu.com visible
1406065839619	DeferredSave.extensions.json	DEBUG	Save changes
1406065839619	DeferredSave.extensions.json	DEBUG	Save changes
1406065839629	addons.xpi	DEBUG	Updating database with changes to installed add-ons
1406065839629	addons.xpi-utils	DEBUG	Updating add-on states
1406065839630	addons.xpi-utils	DEBUG	Writing add-ons list
1406065839898	DeferredSave.extensions.json	DEBUG	Starting timer
1406065839924	DeferredSave.extensions.json	DEBUG	Starting write
1406065839998	addons.manager	DEBUG	shutdown
1406065839999	addons.xpi	DEBUG	shutdown
1406065839999	addons.xpi-utils	DEBUG	shutdown
1406065840081	DeferredSave.extensions.json	DEBUG	Write succeeded
1406065840081	addons.xpi-utils	DEBUG	XPI Database saved, setting schema version preference to 16
1406065840082	addons.xpi	DEBUG	Notifying XPI shutdown observers
1406065840084	addons.manager	DEBUG	Async provider shutdown done

(process:16211): GLib-CRITICAL **: g_slice_set_config: assertion 'sys_page_size == 0' failed
Xlib:  extension "RANDR" missing on display ":10".
1406065840469	addons.manager	DEBUG	Loaded provider scope for resource://gre/modules/addons/XPIProvider.jsm: ["XPIProvider"]
1406065840471	addons.manager	DEBUG	Loaded provider scope for resource://gre/modules/LightweightThemeManager.jsm: ["LightweightThemeManager"]
1406065840473	addons.xpi	DEBUG	startup
1406065840475	addons.xpi	DEBUG	Ignoring file entry whose name is not a valid add-on ID: /tmp/anonymous1824675219116414841webdriver-profile/extensions/webdriver-staging
1406065840498	addons.xpi	DEBUG	checkForChanges
1406065840510	addons.xpi	DEBUG	No changes found

(firefox:16211): LIBDBUSMENU-GLIB-WARNING **: Unable to get session bus: Failed to execute child process "dbus-launch" (No such file or directory)

	at org.openqa.selenium.firefox.internal.NewProfileExtensionConnection.start(NewProfileExtensionConnection.java:106)
	at org.openqa.selenium.firefox.FirefoxDriver.startClient(FirefoxDriver.java:244)
	at org.openqa.selenium.remote.RemoteWebDriver.<init>(RemoteWebDriver.java:110)
	at org.openqa.selenium.firefox.FirefoxDriver.<init>(FirefoxDriver.java:190)
	at org.openqa.selenium.firefox.FirefoxDriver.<init>(FirefoxDriver.java:183)
	at org.openqa.selenium.firefox.FirefoxDriver.<init>(FirefoxDriver.java:101)
	at sun.reflect.NativeConstructorAccessorImpl.newInstance0(Native Method)
	at sun.reflect.NativeConstructorAccessorImpl.newInstance(NativeConstructorAccessorImpl.java:62)
	at sun.reflect.DelegatingConstructorAccessorImpl.newInstance(DelegatingConstructorAccessorImpl.java:45)
	at java.lang.reflect.Constructor.newInstance(Constructor.java:408)
	at org.openqa.selenium.remote.server.DefaultDriverFactory.callConstructor(DefaultDriverFactory.java:62)
	at org.openqa.selenium.remote.server.DefaultDriverFactory.newInstance(DefaultDriverFactory.java:56)
	at org.openqa.selenium.remote.server.DefaultSession$BrowserCreator.call(DefaultSession.java:215)
	at org.openqa.selenium.remote.server.DefaultSession$BrowserCreator.call(DefaultSession.java:1)
	at java.util.concurrent.FutureTask.run(FutureTask.java:266)
	at org.openqa.selenium.remote.server.DefaultSession$1.run(DefaultSession.java:169)
	at java.util.concurrent.ThreadPoolExecutor.runWorker(ThreadPoolExecutor.java:1142)
	at java.util.concurrent.ThreadPoolExecutor$Worker.run(ThreadPoolExecutor.java:617)
	at java.lang.Thread.run(Thread.java:745)
21:51:25.252 WARN - Exception thrown
java.util.concurrent.ExecutionException: org.openqa.selenium.WebDriverException: java.lang.reflect.InvocationTargetException
Build info: version: '2.33.0', revision: '4e90c97', time: '2013-05-22 15:32:38'
System info: os.name: 'Linux', os.arch: 'amd64', os.version: '3.13.0-11-generic', java.version: '1.8.0_11'
Driver info: driver.version: unknown
	at java.util.concurrent.FutureTask.report(FutureTask.java:122)
	at java.util.concurrent.FutureTask.get(FutureTask.java:192)
	at org.openqa.selenium.remote.server.DefaultSession.execute(DefaultSession.java:176)
	at org.openqa.selenium.remote.server.DefaultSession.<init>(DefaultSession.java:112)
	at org.openqa.selenium.remote.server.DefaultSession.createSession(DefaultSession.java:89)
	at org.openqa.selenium.remote.server.DefaultDriverSessions.newSession(DefaultDriverSessions.java:89)
	at org.openqa.selenium.remote.server.handler.NewSession.handle(NewSession.java:63)
	at org.openqa.selenium.remote.server.rest.ResultConfig.handle(ResultConfig.java:205)
	at org.openqa.selenium.remote.server.JsonHttpRemoteConfig.handleRequest(JsonHttpRemoteConfig.java:192)
	at org.openqa.selenium.remote.server.DriverServlet.handleRequest(DriverServlet.java:201)
	at org.openqa.selenium.remote.server.DriverServlet.doPost(DriverServlet.java:167)
	at javax.servlet.http.HttpServlet.service(HttpServlet.java:727)
	at org.openqa.selenium.remote.server.DriverServlet.service(DriverServlet.java:139)
	at javax.servlet.http.HttpServlet.service(HttpServlet.java:820)
	at org.openqa.jetty.jetty.servlet.ServletHolder.handle(ServletHolder.java:428)
	at org.openqa.jetty.jetty.servlet.ServletHandler.dispatch(ServletHandler.java:677)
	at org.openqa.jetty.jetty.servlet.ServletHandler.handle(ServletHandler.java:568)
	at org.openqa.jetty.http.HttpContext.handle(HttpContext.java:1526)
	at org.openqa.jetty.http.HttpContext.handle(HttpContext.java:1479)
	at org.openqa.jetty.http.HttpServer.service(HttpServer.java:914)
	at org.openqa.jetty.http.HttpConnection.service(HttpConnection.java:820)
	at org.openqa.jetty.http.HttpConnection.handleNext(HttpConnection.java:986)
	at org.openqa.jetty.http.HttpConnection.handle(HttpConnection.java:837)
	at org.openqa.jetty.http.SocketListener.handleConnection(SocketListener.java:243)
	at org.openqa.jetty.util.ThreadedServer.handle(ThreadedServer.java:357)
	at org.openqa.jetty.util.ThreadPool$PoolThread.run(ThreadPool.java:534)
Caused by: org.openqa.selenium.WebDriverException: java.lang.reflect.InvocationTargetException
Build info: version: '2.33.0', revision: '4e90c97', time: '2013-05-22 15:32:38'
System info: os.name: 'Linux', os.arch: 'amd64', os.version: '3.13.0-11-generic', java.version: '1.8.0_11'
Driver info: driver.version: unknown
	at org.openqa.selenium.remote.server.DefaultDriverFactory.callConstructor(DefaultDriverFactory.java:72)
	at org.openqa.selenium.remote.server.DefaultDriverFactory.newInstance(DefaultDriverFactory.java:56)
	at org.openqa.selenium.remote.server.DefaultSession$BrowserCreator.call(DefaultSession.java:215)
	at org.openqa.selenium.remote.server.DefaultSession$BrowserCreator.call(DefaultSession.java:1)
	at java.util.concurrent.FutureTask.run(FutureTask.java:266)
	at org.openqa.selenium.remote.server.DefaultSession$1.run(DefaultSession.java:169)
	at java.util.concurrent.ThreadPoolExecutor.runWorker(ThreadPoolExecutor.java:1142)
	at java.util.concurrent.ThreadPoolExecutor$Worker.run(ThreadPoolExecutor.java:617)
	at java.lang.Thread.run(Thread.java:745)
Caused by: java.lang.reflect.InvocationTargetException
	at sun.reflect.NativeConstructorAccessorImpl.newInstance0(Native Method)
	at sun.reflect.NativeConstructorAccessorImpl.newInstance(NativeConstructorAccessorImpl.java:62)
	at sun.reflect.DelegatingConstructorAccessorImpl.newInstance(DelegatingConstructorAccessorImpl.java:45)
	at java.lang.reflect.Constructor.newInstance(Constructor.java:408)
	at org.openqa.selenium.remote.server.DefaultDriverFactory.callConstructor(DefaultDriverFactory.java:62)
	... 8 more
Caused by: org.openqa.selenium.WebDriverException: Failed to connect to binary FirefoxBinary(/usr/bin/firefox) on port 7055; process output follows: 
 0' failed
Xlib:  extension "RANDR" missing on display ":10".
1406065839523	addons.manager	DEBUG	Application has been upgraded
1406065839533	addons.manager	DEBUG	Loaded provider scope for resource://gre/modules/addons/XPIProvider.jsm: ["XPIProvider"]
1406065839535	addons.manager	DEBUG	Loaded provider scope for resource://gre/modules/LightweightThemeManager.jsm: ["LightweightThemeManager"]
1406065839538	addons.xpi	DEBUG	startup
1406065839540	addons.xpi	DEBUG	Ignoring file entry whose name is not a valid add-on ID: /tmp/anonymous1824675219116414841webdriver-profile/extensions/webdriver-staging
1406065839562	addons.xpi	DEBUG	checkForChanges
1406065839574	addons.xpi	DEBUG	Directory state JSON differs: cache [] state [{"name":"app-system-share","addons":{"ubufox@ubuntu.com":{"descriptor":"/usr/share/mozilla/extensions/{ec8030f7-c20a-464f-9b0e-13a3a9e97384}/ubufox@ubuntu.com","mtime":1406063373000,"rdfTime":1401829706000}}},{"name":"app-global","addons":{"{972ce4c6-7e08-4474-a285-3208198ce6fd}":{"descriptor":"/usr/lib/firefox/browser/extensions/{972ce4c6-7e08-4474-a285-3208198ce6fd}","mtime":1406063369000,"rdfTime":1405462641000}}},{"name":"app-profile","addons":{"fxdriver@googlecode.com":{"descriptor":"/tmp/anonymous1824675219116414841webdriver-profile/extensions/fxdriver@googlecode.com","mtime":1406065839000,"rdfTime":1406065839000}}}]
1406065839579	addons.xpi-utils	DEBUG	Opening XPI database /tmp/anonymous1824675219116414841webdriver-profile/extensions.json
1406065839581	addons.xpi	DEBUG	New add-on fxdriver@googlecode.com installed in app-profile
*** Blocklist::_loadBlocklistFromFile: blocklist is disabled
1406065839608	addons.xpi-utils	DEBUG	Make addon app-profile:fxdriver@googlecode.com visible
1406065839610	DeferredSave.extensions.json	DEBUG	Save changes
1406065839611	DeferredSave.extensions.json	DEBUG	Save changes
1406065839611	addons.xpi	DEBUG	New add-on {972ce4c6-7e08-4474-a285-3208198ce6fd} installed in app-global
1406065839614	addons.xpi-utils	DEBUG	Make addon app-global:{972ce4c6-7e08-4474-a285-3208198ce6fd} visible
1406065839614	DeferredSave.extensions.json	DEBUG	Save changes
1406065839614	DeferredSave.extensions.json	DEBUG	Save changes
1406065839615	addons.xpi	DEBUG	New add-on ubufox@ubuntu.com installed in app-system-share
1406065839618	addons.xpi-utils	DEBUG	Make addon app-system-share:ubufox@ubuntu.com visible
1406065839619	DeferredSave.extensions.json	DEBUG	Save changes
1406065839619	DeferredSave.extensions.json	DEBUG	Save changes
1406065839629	addons.xpi	DEBUG	Updating database with changes to installed add-ons
1406065839629	addons.xpi-utils	DEBUG	Updating add-on states
1406065839630	addons.xpi-utils	DEBUG	Writing add-ons list
1406065839898	DeferredSave.extensions.json	DEBUG	Starting timer
1406065839924	DeferredSave.extensions.json	DEBUG	Starting write
1406065839998	addons.manager	DEBUG	shutdown
1406065839999	addons.xpi	DEBUG	shutdown
1406065839999	addons.xpi-utils	DEBUG	shutdown
1406065840081	DeferredSave.extensions.json	DEBUG	Write succeeded
1406065840081	addons.xpi-utils	DEBUG	XPI Database saved, setting schema version preference to 16
1406065840082	addons.xpi	DEBUG	Notifying XPI shutdown observers
1406065840084	addons.manager	DEBUG	Async provider shutdown done

(process:16211): GLib-CRITICAL **: g_slice_set_config: assertion 'sys_page_size == 0' failed
Xlib:  extension "RANDR" missing on display ":10".
1406065840469	addons.manager	DEBUG	Loaded provider scope for resource://gre/modules/addons/XPIProvider.jsm: ["XPIProvider"]
1406065840471	addons.manager	DEBUG	Loaded provider scope for resource://gre/modules/LightweightThemeManager.jsm: ["LightweightThemeManager"]
1406065840473	addons.xpi	DEBUG	startup
1406065840475	addons.xpi	DEBUG	Ignoring file entry whose name is not a valid add-on ID: /tmp/anonymous1824675219116414841webdriver-profile/extensions/webdriver-staging
1406065840498	addons.xpi	DEBUG	checkForChanges
1406065840510	addons.xpi	DEBUG	No changes found

(firefox:16211): LIBDBUSMENU-GLIB-WARNING **: Unable to get session bus: Failed to execute child process "dbus-launch" (No such file or directory)

Build info: version: '2.33.0', revision: '4e90c97', time: '2013-05-22 15:32:38'
System info: os.name: 'Linux', os.arch: 'amd64', os.version: '3.13.0-11-generic', java.version: '1.8.0_11'
Driver info: driver.version: FirefoxDriver
	at org.openqa.selenium.firefox.internal.NewProfileExtensionConnection.start(NewProfileExtensionConnection.java:118)
	at org.openqa.selenium.firefox.FirefoxDriver.startClient(FirefoxDriver.java:244)
	at org.openqa.selenium.remote.RemoteWebDriver.<init>(RemoteWebDriver.java:110)
	at org.openqa.selenium.firefox.FirefoxDriver.<init>(FirefoxDriver.java:190)
	at org.openqa.selenium.firefox.FirefoxDriver.<init>(FirefoxDriver.java:183)
	at org.openqa.selenium.firefox.FirefoxDriver.<init>(FirefoxDriver.java:101)
	... 13 more
Caused by: org.openqa.selenium.firefox.NotConnectedException: Unable to connect to host 127.0.0.1 on port 7055 after 45000 ms. Firefox console output:
 0' failed
Xlib:  extension "RANDR" missing on display ":10".
1406065839523	addons.manager	DEBUG	Application has been upgraded
1406065839533	addons.manager	DEBUG	Loaded provider scope for resource://gre/modules/addons/XPIProvider.jsm: ["XPIProvider"]
1406065839535	addons.manager	DEBUG	Loaded provider scope for resource://gre/modules/LightweightThemeManager.jsm: ["LightweightThemeManager"]
1406065839538	addons.xpi	DEBUG	startup
1406065839540	addons.xpi	DEBUG	Ignoring file entry whose name is not a valid add-on ID: /tmp/anonymous1824675219116414841webdriver-profile/extensions/webdriver-staging
1406065839562	addons.xpi	DEBUG	checkForChanges
1406065839574	addons.xpi	DEBUG	Directory state JSON differs: cache [] state [{"name":"app-system-share","addons":{"ubufox@ubuntu.com":{"descriptor":"/usr/share/mozilla/extensions/{ec8030f7-c20a-464f-9b0e-13a3a9e97384}/ubufox@ubuntu.com","mtime":1406063373000,"rdfTime":1401829706000}}},{"name":"app-global","addons":{"{972ce4c6-7e08-4474-a285-3208198ce6fd}":{"descriptor":"/usr/lib/firefox/browser/extensions/{972ce4c6-7e08-4474-a285-3208198ce6fd}","mtime":1406063369000,"rdfTime":1405462641000}}},{"name":"app-profile","addons":{"fxdriver@googlecode.com":{"descriptor":"/tmp/anonymous1824675219116414841webdriver-profile/extensions/fxdriver@googlecode.com","mtime":1406065839000,"rdfTime":1406065839000}}}]
1406065839579	addons.xpi-utils	DEBUG	Opening XPI database /tmp/anonymous1824675219116414841webdriver-profile/extensions.json
1406065839581	addons.xpi	DEBUG	New add-on fxdriver@googlecode.com installed in app-profile
*** Blocklist::_loadBlocklistFromFile: blocklist is disabled
1406065839608	addons.xpi-utils	DEBUG	Make addon app-profile:fxdriver@googlecode.com visible
1406065839610	DeferredSave.extensions.json	DEBUG	Save changes
1406065839611	DeferredSave.extensions.json	DEBUG	Save changes
1406065839611	addons.xpi	DEBUG	New add-on {972ce4c6-7e08-4474-a285-3208198ce6fd} installed in app-global
1406065839614	addons.xpi-utils	DEBUG	Make addon app-global:{972ce4c6-7e08-4474-a285-3208198ce6fd} visible
1406065839614	DeferredSave.extensions.json	DEBUG	Save changes
1406065839614	DeferredSave.extensions.json	DEBUG	Save changes
1406065839615	addons.xpi	DEBUG	New add-on ubufox@ubuntu.com installed in app-system-share
1406065839618	addons.xpi-utils	DEBUG	Make addon app-system-share:ubufox@ubuntu.com visible
1406065839619	DeferredSave.extensions.json	DEBUG	Save changes
1406065839619	DeferredSave.extensions.json	DEBUG	Save changes
1406065839629	addons.xpi	DEBUG	Updating database with changes to installed add-ons
1406065839629	addons.xpi-utils	DEBUG	Updating add-on states
1406065839630	addons.xpi-utils	DEBUG	Writing add-ons list
1406065839898	DeferredSave.extensions.json	DEBUG	Starting timer
1406065839924	DeferredSave.extensions.json	DEBUG	Starting write
1406065839998	addons.manager	DEBUG	shutdown
1406065839999	addons.xpi	DEBUG	shutdown
1406065839999	addons.xpi-utils	DEBUG	shutdown
1406065840081	DeferredSave.extensions.json	DEBUG	Write succeeded
1406065840081	addons.xpi-utils	DEBUG	XPI Database saved, setting schema version preference to 16
1406065840082	addons.xpi	DEBUG	Notifying XPI shutdown observers
1406065840084	addons.manager	DEBUG	Async provider shutdown done

(process:16211): GLib-CRITICAL **: g_slice_set_config: assertion 'sys_page_size == 0' failed
Xlib:  extension "RANDR" missing on display ":10".
1406065840469	addons.manager	DEBUG	Loaded provider scope for resource://gre/modules/addons/XPIProvider.jsm: ["XPIProvider"]
1406065840471	addons.manager	DEBUG	Loaded provider scope for resource://gre/modules/LightweightThemeManager.jsm: ["LightweightThemeManager"]
1406065840473	addons.xpi	DEBUG	startup
1406065840475	addons.xpi	DEBUG	Ignoring file entry whose name is not a valid add-on ID: /tmp/anonymous1824675219116414841webdriver-profile/extensions/webdriver-staging
1406065840498	addons.xpi	DEBUG	checkForChanges
1406065840510	addons.xpi	DEBUG	No changes found

(firefox:16211): LIBDBUSMENU-GLIB-WARNING **: Unable to get session bus: Failed to execute child process "dbus-launch" (No such file or directory)

	at org.openqa.selenium.firefox.internal.NewProfileExtensionConnection.start(NewProfileExtensionConnection.java:106)
	... 18 more
21:51:25.273 WARN - Exception: Unable to connect to host 127.0.0.1 on port 7055 after 45000 ms. Firefox console output:
 0' failed
Xlib:  extension "RANDR" missing on display ":10".
1406065839523	addons.manager	DEBUG	Application has been upgraded
1406065839533	addons.manager	DEBUG	Loaded provider scope for resource://gre/modules/addons/XPIProvider.jsm: ["XPIProvider"]
1406065839535	addons.manager	DEBUG	Loaded provider scope for resource://gre/modules/LightweightThemeManager.jsm: ["LightweightThemeManager"]
1406065839538	addons.xpi	DEBUG	startup
1406065839540	addons.xpi	DEBUG	Ignoring file entry whose name is not a valid add-on ID: /tmp/anonymous1824675219116414841webdriver-profile/extensions/webdriver-staging
1406065839562	addons.xpi	DEBUG	checkForChanges
1406065839574	addons.xpi	DEBUG	Directory state JSON differs: cache [] state [{"name":"app-system-share","addons":{"ubufox@ubuntu.com":{"descriptor":"/usr/share/mozilla/extensions/{ec8030f7-c20a-464f-9b0e-13a3a9e97384}/ubufox@ubuntu.com","mtime":1406063373000,"rdfTime":1401829706000}}},{"name":"app-global","addons":{"{972ce4c6-7e08-4474-a285-3208198ce6fd}":{"descriptor":"/usr/lib/firefox/browser/extensions/{972ce4c6-7e08-4474-a285-3208198ce6fd}","mtime":1406063369000,"rdfTime":1405462641000}}},{"name":"app-profile","addons":{"fxdriver@googlecode.com":{"descriptor":"/tmp/anonymous1824675219116414841webdriver-profile/extensions/fxdriver@googlecode.com","mtime":1406065839000,"rdfTime":1406065839000}}}]
1406065839579	addons.xpi-utils	DEBUG	Opening XPI database /tmp/anonymous1824675219116414841webdriver-profile/extensions.json
1406065839581	addons.xpi	DEBUG	New add-on fxdriver@googlecode.com installed in app-profile
*** Blocklist::_loadBlocklistFromFile: blocklist is disabled
1406065839608	addons.xpi-utils	DEBUG	Make addon app-profile:fxdriver@googlecode.com visible
1406065839610	DeferredSave.extensions.json	DEBUG	Save changes
1406065839611	DeferredSave.extensions.json	DEBUG	Save changes
1406065839611	addons.xpi	DEBUG	New add-on {972ce4c6-7e08-4474-a285-3208198ce6fd} installed in app-global
1406065839614	addons.xpi-utils	DEBUG	Make addon app-global:{972ce4c6-7e08-4474-a285-3208198ce6fd} visible
1406065839614	DeferredSave.extensions.json	DEBUG	Save changes
1406065839614	DeferredSave.extensions.json	DEBUG	Save changes
1406065839615	addons.xpi	DEBUG	New add-on ubufox@ubuntu.com installed in app-system-share
1406065839618	addons.xpi-utils	DEBUG	Make addon app-system-share:ubufox@ubuntu.com visible
1406065839619	DeferredSave.extensions.json	DEBUG	Save changes
1406065839619	DeferredSave.extensions.json	DEBUG	Save changes
1406065839629	addons.xpi	DEBUG	Updating database with changes to installed add-ons
1406065839629	addons.xpi-utils	DEBUG	Updating add-on states
1406065839630	addons.xpi-utils	DEBUG	Writing add-ons list
1406065839898	DeferredSave.extensions.json	DEBUG	Starting timer
1406065839924	DeferredSave.extensions.json	DEBUG	Starting write
1406065839998	addons.manager	DEBUG	shutdown
1406065839999	addons.xpi	DEBUG	shutdown
1406065839999	addons.xpi-utils	DEBUG	shutdown
1406065840081	DeferredSave.extensions.json	DEBUG	Write succeeded
1406065840081	addons.xpi-utils	DEBUG	XPI Database saved, setting schema version preference to 16
1406065840082	addons.xpi	DEBUG	Notifying XPI shutdown observers
1406065840084	addons.manager	DEBUG	Async provider shutdown done

(process:16211): GLib-CRITICAL **: g_slice_set_config: assertion 'sys_page_size == 0' failed
Xlib:  extension "RANDR" missing on display ":10".
1406065840469	addons.manager	DEBUG	Loaded provider scope for resource://gre/modules/addons/XPIProvider.jsm: ["XPIProvider"]
1406065840471	addons.manager	DEBUG	Loaded provider scope for resource://gre/modules/LightweightThemeManager.jsm: ["LightweightThemeManager"]
1406065840473	addons.xpi	DEBUG	startup
1406065840475	addons.xpi	DEBUG	Ignoring file entry whose name is not a valid add-on ID: /tmp/anonymous1824675219116414841webdriver-profile/extensions/webdriver-staging
1406065840498	addons.xpi	DEBUG	checkForChanges
1406065840510	addons.xpi	DEBUG	No changes found

(firefox:16211): LIBDBUSMENU-GLIB-WARNING **: Unable to get session bus: Failed to execute child process "dbus-launch" (No such file or directory)

22:00:37.713 INFO - Shutting down...
